<?xml version="1.0" encoding="UTF-8"?>
<testsuite xmlns:xsi="http://www.w3.org/2001/XMLSchema-instance" xsi:noNamespaceSchemaLocation="https://maven.apache.org/surefire/maven-surefire-plugin/xsd/surefire-test-report.xsd" name="ensta.AppTest" time="0.089" tests="1" errors="0" skipped="0" failures="0">
  <properties>
    <property name="awt.toolkit" value="sun.awt.X11.XToolkit"/>
    <property name="file.encoding.pkg" value="sun.io"/>
    <property name="java.specification.version" value="1.8"/>
    <property name="sun.cpu.isalist" value=""/>
    <property name="sun.jnu.encoding" value="UTF-8"/>
    <property name="java.class.path" value="/mnt/c/Users/Luc/Documents/ENSTA/in205-bataille/TP/bataille-navale/target/test-classes:/mnt/c/Users/Luc/Documents/ENSTA/in205-bataille/TP/bataille-navale/target/classes:/home/luc/.m2/repository/junit/junit/4.11/junit-4.11.jar:/home/luc/.m2/repository/org/hamcrest/hamcrest-core/1.3/hamcrest-core-1.3.jar:"/>
    <property name="java.vm.vendor" value="Private Build"/>
    <property name="sun.arch.data.model" value="64"/>
    <property name="java.vendor.url" value="http://java.oracle.com/"/>
    <property name="user.timezone" value=""/>
    <property name="java.vm.specification.version" value="1.8"/>
    <property name="os.name" value="Linux"/>
    <property name="sun.java.launcher" value="SUN_STANDARD"/>
    <property name="sun.boot.library.path" value="/usr/lib/jvm/java-8-openjdk-amd64/jre/lib/amd64"/>
<<<<<<< HEAD
    <property name="sun.java.command" value="/mnt/c/Users/Luc/Documents/ENSTA/in205-bataille/TP/bataille-navale/target/surefire/surefirebooter6528730261535461420.jar /mnt/c/Users/Luc/Documents/ENSTA/in205-bataille/TP/bataille-navale/target/surefire 2020-02-04T12-08-36_818-jvmRun1 surefire108312491046344533tmp surefire_04796637940143084433tmp"/>
    <property name="surefire.test.class.path" value="/mnt/c/Users/Luc/Documents/ENSTA/in205-bataille/TP/bataille-navale/target/test-classes:/mnt/c/Users/Luc/Documents/ENSTA/in205-bataille/TP/bataille-navale/target/classes:/home/luc/.m2/repository/junit/junit/4.11/junit-4.11.jar:/home/luc/.m2/repository/org/hamcrest/hamcrest-core/1.3/hamcrest-core-1.3.jar:"/>
=======
    <property name="sun.java.command" value="/home/laetitia/Documents/2A/in205/in205-bataille/TP/bataille-navale/target/surefire/surefirebooter3189520617338024276.jar /home/laetitia/Documents/2A/in205/in205-bataille/TP/bataille-navale/target/surefire 2020-02-04T11-56-47_905-jvmRun1 surefire3207779398078028209tmp surefire_01044193077143412692tmp"/>
    <property name="surefire.test.class.path" value="/home/laetitia/Documents/2A/in205/in205-bataille/TP/bataille-navale/target/test-classes:/home/laetitia/Documents/2A/in205/in205-bataille/TP/bataille-navale/target/classes:/home/laetitia/.m2/repository/junit/junit/4.11/junit-4.11.jar:/home/laetitia/.m2/repository/org/hamcrest/hamcrest-core/1.3/hamcrest-core-1.3.jar:"/>
>>>>>>> 5630aae7caa4a1f66861807b97f87ef3888004de
    <property name="sun.cpu.endian" value="little"/>
    <property name="user.home" value="/home/luc"/>
    <property name="user.language" value="en"/>
    <property name="java.specification.vendor" value="Oracle Corporation"/>
    <property name="java.home" value="/usr/lib/jvm/java-8-openjdk-amd64/jre"/>
    <property name="basedir" value="/mnt/c/Users/Luc/Documents/ENSTA/in205-bataille/TP/bataille-navale"/>
    <property name="file.separator" value="/"/>
    <property name="line.separator" value="&#10;"/>
    <property name="java.vm.specification.vendor" value="Oracle Corporation"/>
    <property name="java.specification.name" value="Java Platform API Specification"/>
    <property name="java.awt.graphicsenv" value="sun.awt.X11GraphicsEnvironment"/>
<<<<<<< HEAD
    <property name="surefire.real.class.path" value="/mnt/c/Users/Luc/Documents/ENSTA/in205-bataille/TP/bataille-navale/target/surefire/surefirebooter6528730261535461420.jar"/>
=======
    <property name="surefire.real.class.path" value="/home/laetitia/Documents/2A/in205/in205-bataille/TP/bataille-navale/target/surefire/surefirebooter3189520617338024276.jar"/>
>>>>>>> 5630aae7caa4a1f66861807b97f87ef3888004de
    <property name="sun.boot.class.path" value="/usr/lib/jvm/java-8-openjdk-amd64/jre/lib/resources.jar:/usr/lib/jvm/java-8-openjdk-amd64/jre/lib/rt.jar:/usr/lib/jvm/java-8-openjdk-amd64/jre/lib/sunrsasign.jar:/usr/lib/jvm/java-8-openjdk-amd64/jre/lib/jsse.jar:/usr/lib/jvm/java-8-openjdk-amd64/jre/lib/jce.jar:/usr/lib/jvm/java-8-openjdk-amd64/jre/lib/charsets.jar:/usr/lib/jvm/java-8-openjdk-amd64/jre/lib/jfr.jar:/usr/lib/jvm/java-8-openjdk-amd64/jre/classes"/>
    <property name="sun.management.compiler" value="HotSpot 64-Bit Tiered Compilers"/>
    <property name="java.runtime.version" value="1.8.0_232-8u232-b09-0ubuntu1~18.04.1-b09"/>
    <property name="user.name" value="luc"/>
    <property name="path.separator" value=":"/>
    <property name="os.version" value="4.4.0-18362-Microsoft"/>
    <property name="java.endorsed.dirs" value="/usr/lib/jvm/java-8-openjdk-amd64/jre/lib/endorsed"/>
    <property name="java.runtime.name" value="OpenJDK Runtime Environment"/>
    <property name="file.encoding" value="UTF-8"/>
    <property name="java.vm.name" value="OpenJDK 64-Bit Server VM"/>
    <property name="localRepository" value="/home/luc/.m2/repository"/>
    <property name="java.vendor.url.bug" value="http://bugreport.sun.com/bugreport/"/>
    <property name="java.io.tmpdir" value="/tmp"/>
    <property name="java.version" value="1.8.0_232"/>
    <property name="user.dir" value="/mnt/c/Users/Luc/Documents/ENSTA/in205-bataille/TP/bataille-navale"/>
    <property name="os.arch" value="amd64"/>
    <property name="java.vm.specification.name" value="Java Virtual Machine Specification"/>
    <property name="java.awt.printerjob" value="sun.print.PSPrinterJob"/>
    <property name="sun.os.patch.level" value="unknown"/>
    <property name="java.library.path" value="/usr/java/packages/lib/amd64:/usr/lib/x86_64-linux-gnu/jni:/lib/x86_64-linux-gnu:/usr/lib/x86_64-linux-gnu:/usr/lib/jni:/lib:/usr/lib"/>
    <property name="java.vm.info" value="mixed mode"/>
    <property name="java.vendor" value="Private Build"/>
    <property name="java.vm.version" value="25.232-b09"/>
    <property name="java.ext.dirs" value="/usr/lib/jvm/java-8-openjdk-amd64/jre/lib/ext:/usr/java/packages/lib/ext"/>
    <property name="sun.io.unicode.encoding" value="UnicodeLittle"/>
    <property name="java.class.version" value="52.0"/>
  </properties>
<<<<<<< HEAD
  <testcase name="shouldAnswerWithTrue" classname="ensta.AppTest" time="0.005"/>
=======
  <testcase name="shouldAnswerWithTrue" classname="ensta.AppTest" time="0.002"/>
>>>>>>> 5630aae7caa4a1f66861807b97f87ef3888004de
</testsuite>